SF:lib/core/utils/validators.dart
DA:6,9
DA:7,9
DA:8,9
DA:9,9
DA:12,0
DA:13,2
DA:15,2
DA:16,1
DA:18,1
DA:20,2
DA:27,0
DA:28,2
DA:30,3
DA:34,1
DA:36,2
DA:41,0
DA:42,2
DA:44,2
DA:45,1
DA:47,1
DA:49,2
DA:57,0
DA:58,1
DA:60,1
DA:64,1
DA:66,2
DA:70,1
DA:76,1
DA:77,1
DA:80,0
LF:30
LH:25
end_of_record
SF:lib/core/system/devexam.dart
DA:7,9
DA:12,3
DA:13,3
DA:16,3
DA:17,15
DA:20,3
DA:21,3
DA:23,9
DA:24,9
DA:30,0
DA:33,0
LF:11
LH:9
end_of_record
SF:lib/core/system/intl.dart
DA:6,9
DA:15,1
DA:17,0
DA:19,1
DA:20,0
DA:21,2
DA:24,0
DA:25,0
DA:26,0
DA:28,0
DA:34,1
DA:35,2
DA:36,4
DA:37,1
DA:39,3
DA:40,2
DA:42,1
DA:48,10
DA:50,1
DA:51,3
DA:54,1
DA:55,1
DA:56,1
DA:57,2
DA:61,1
LF:25
LH:19
end_of_record
SF:lib/core/system/log.dart
DA:8,3
DA:9,1
DA:10,1
DA:11,1
DA:17,12
DA:18,4
DA:19,4
DA:20,4
DA:30,12
DA:33,3
DA:36,3
DA:39,3
DA:42,3
DA:45,3
DA:48,4
DA:51,4
DA:53,4
DA:55,4
DA:57,4
DA:59,4
DA:61,4
DA:70,3
DA:72,12
LF:23
LH:23
end_of_record
SF:lib/core/system/themes.dart
DA:13,2
DA:14,1
DA:15,1
DA:16,1
DA:17,1
DA:18,1
DA:19,1
DA:24,0
DA:26,2
DA:31,1
DA:32,1
DA:33,1
DA:34,1
DA:36,1
DA:37,1
DA:39,2
DA:40,1
DA:41,1
DA:42,1
DA:43,1
DA:45,1
DA:46,1
DA:48,1
DA:49,1
DA:51,1
DA:52,1
DA:55,1
DA:56,1
DA:59,1
DA:61,1
DA:64,2
DA:65,1
DA:68,1
DA:69,1
DA:70,1
DA:71,1
DA:72,1
DA:73,1
DA:75,1
DA:76,1
DA:77,1
DA:78,1
DA:81,1
DA:82,1
DA:83,1
DA:84,1
DA:86,1
DA:87,1
DA:89,1
DA:90,1
DA:92,1
DA:93,1
DA:97,1
DA:100,1
DA:104,1
DA:105,1
DA:106,1
DA:107,1
DA:108,1
DA:109,1
DA:110,1
DA:111,1
DA:115,1
DA:116,1
DA:117,1
DA:118,1
DA:119,1
DA:120,1
DA:121,1
DA:122,1
DA:126,2
DA:127,2
LF:72
LH:71
end_of_record
SF:lib/core/utils/connectivity.dart
DA:4,1
DA:14,1
DA:22,2
DA:25,1
DA:28,2
DA:29,1
DA:30,1
DA:31,3
DA:32,3
DA:33,1
DA:34,1
DA:35,3
DA:36,1
DA:37,1
DA:52,1
DA:53,2
DA:55,1
DA:57,1
DA:59,2
DA:60,1
DA:61,1
DA:62,1
DA:64,0
DA:65,0
DA:67,1
LF:25
LH:23
end_of_record
SF:lib/core/utils/fire_exception_hander.dart
DA:6,5
DA:24,2
DA:29,1
DA:31,0
DA:32,1
DA:35,1
DA:38,1
DA:41,1
DA:44,1
DA:47,1
DA:50,1
DA:53,1
DA:63,1
DA:68,1
DA:71,0
DA:73,1
DA:76,0
DA:78,1
DA:81,0
DA:83,1
DA:86,0
DA:88,1
DA:91,0
DA:93,1
DA:96,0
DA:98,1
DA:101,0
DA:103,1
DA:106,0
DA:108,1
DA:112,1
DA:115,0
DA:116,0
DA:117,0
DA:122,0
LF:35
LH:22
end_of_record
SF:lib/core/utils/testing_helpers.dart
DA:35,1
DA:36,1
DA:39,2
DA:40,2
DA:41,1
DA:42,1
DA:44,1
DA:50,1
DA:55,2
DA:56,1
DA:57,2
DA:58,2
DA:59,1
DA:64,0
DA:71,0
DA:74,0
DA:79,1
DA:80,1
DA:83,1
DA:84,0
DA:85,0
DA:86,0
DA:88,0
DA:94,0
DA:99,0
DA:100,0
DA:101,0
DA:102,0
DA:103,0
DA:108,0
LF:30
LH:16
end_of_record
SF:lib/core/services/fire_auth_service.dart
DA:16,1
DA:18,0
DA:23,0
DA:24,0
DA:25,0
DA:30,0
DA:31,0
DA:36,0
DA:41,0
DA:44,0
DA:48,0
DA:49,0
DA:53,0
DA:59,0
DA:63,0
DA:66,0
DA:70,0
DA:72,0
DA:77,0
DA:82,0
DA:85,0
DA:91,0
DA:94,0
DA:95,0
DA:96,0
DA:99,0
DA:106,0
DA:107,0
DA:108,0
DA:109,0
DA:110,0
DA:111,0
LF:32
LH:1
end_of_record
SF:lib/core/services/user_service.dart
DA:22,0
DA:24,0
DA:27,0
DA:30,0
DA:36,0
DA:42,0
DA:43,0
DA:46,0
DA:53,0
DA:54,0
DA:56,0
DA:57,0
DA:61,0
DA:62,0
DA:64,0
DA:70,0
DA:73,0
DA:74,0
DA:77,0
DA:78,0
DA:86,0
DA:95,0
DA:98,0
DA:103,0
DA:113,0
DA:117,0
DA:119,0
DA:122,0
DA:123,0
DA:128,0
DA:129,0
DA:130,0
DA:133,0
DA:134,0
DA:135,0
DA:136,0
DA:137,0
DA:138,0
DA:139,0
DA:146,0
DA:148,0
DA:153,0
DA:158,0
DA:159,0
DA:160,0
DA:161,0
DA:162,0
DA:163,0
DA:166,0
DA:168,0
DA:179,0
DA:188,0
DA:192,0
DA:194,0
DA:195,0
DA:199,0
DA:205,0
DA:212,0
DA:213,0
DA:216,0
DA:217,0
DA:221,0
DA:227,0
DA:228,0
DA:231,0
DA:234,0
DA:236,0
DA:237,0
DA:238,0
DA:239,0
DA:240,0
DA:241,0
DA:242,0
DA:245,0
DA:249,0
DA:255,0
DA:257,0
DA:258,0
DA:260,0
DA:261,0
DA:264,0
DA:265,0
DA:266,0
DA:267,0
DA:268,0
DA:269,0
DA:270,0
DA:271,0
DA:273,0
DA:274,0
DA:277,0
DA:278,0
DA:279,0
DA:281,0
DA:282,0
LF:95
LH:0
end_of_record
SF:lib/core/models/user.dart
DA:11,6
DA:16,0
DA:17,0
DA:22,0
DA:23,0
DA:25,2
DA:27,2
DA:28,2
DA:29,2
DA:30,2
DA:32,2
DA:33,2
DA:34,2
DA:35,2
DA:36,2
DA:37,2
DA:48,2
DA:56,2
DA:58,2
DA:59,2
DA:60,2
DA:61,2
DA:62,2
DA:64,2
DA:65,2
DA:66,4
DA:67,4
DA:68,4
DA:69,4
DA:70,4
LF:30
LH:26
end_of_record
SF:lib/core/system/fire.dart
DA:4,0
DA:5,0
DA:7,0
DA:8,0
DA:9,0
LF:5
LH:0
end_of_record
SF:lib/core/models/exam_history.dart
DA:10,2
DA:15,0
DA:16,0
DA:17,0
DA:18,0
DA:20,2
DA:21,2
DA:22,2
DA:23,2
DA:24,2
DA:26,2
DA:27,2
DA:28,4
DA:29,4
DA:30,4
DA:31,4
LF:16
LH:12
end_of_record
SF:lib/core/services/local_db_service.dart
DA:6,0
DA:19,0
DA:20,0
DA:23,1
DA:26,1
DA:28,1
DA:32,2
DA:39,1
DA:40,1
DA:43,2
DA:46,1
DA:48,1
DA:49,1
DA:50,2
DA:56,1
DA:58,1
DA:63,1
DA:64,2
DA:67,2
DA:70,1
DA:71,2
DA:74,2
LF:22
LH:19
end_of_record
